\BOOKMARK [1][-]{Section.0.Introduction.1}{Introduction}{}
\BOOKMARK [1][-]{Section.1.Case Study Data.1}{Case Study Data}{}
\BOOKMARK [1][-]{Section.2.Fitting a single BN model to data.1}{Fitting a single BN model to data}{}
\BOOKMARK [2][-]{Subsection.3.0.Fitting a BN model to categorical data.2}{Fitting a BN model to categorical data}{Section.2.Fitting a single BN model to data.1}
\BOOKMARK [2][-]{Subsection.3.1.Fitting an additive BN model to categorical data.2}{Fitting an additive BN model to categorical data}{Section.2.Fitting a single BN model to data.1}
\BOOKMARK [2][-]{Subsection.3.2.Fitting an additive BN model to continuous data.2}{Fitting an additive BN model to continuous data}{Section.2.Fitting a single BN model to data.1}
\BOOKMARK [2][-]{Subsection.3.3.Fitting an additive BN model to mixed data.2}{Fitting an additive BN model to mixed data}{Section.2.Fitting a single BN model to data.1}
\BOOKMARK [2][-]{Subsection.3.4.Model fitting validation.2}{Model fitting validation}{Section.2.Fitting a single BN model to data.1}
\BOOKMARK [1][-]{Section.3.Searching for Optimal Models.1}{Searching for Optimal Models}{}
\BOOKMARK [2][-]{Subsection.4.0.Single search for optimal BN model from categorical data.2}{Single search for optimal BN model from categorical data}{Section.3.Searching for Optimal Models.1}
\BOOKMARK [2][-]{Subsection.4.1.Single search for optimal additive BN model from categorical data.2}{Single search for optimal additive BN model from categorical data}{Section.3.Searching for Optimal Models.1}
\BOOKMARK [2][-]{Subsection.4.2.Single search for optimal BN model for continuous data.2}{Single search for optimal BN model for continuous data}{Section.3.Searching for Optimal Models.1}
\BOOKMARK [2][-]{Subsection.4.3.Single search for optimal additive BN model for mixed data.2}{Single search for optimal additive BN model for mixed data}{Section.3.Searching for Optimal Models.1}
\BOOKMARK [1][-]{Section.4.Multiple Search Strategies.1}{Multiple Search Strategies}{}
\BOOKMARK [2][-]{Subsection.5.0.Creating a Summary Network - Majority Consensus.2}{Creating a Summary Network - Majority Consensus}{Section.4.Multiple Search Strategies.1}
\BOOKMARK [1][-]{Section.5.Creating a Summary Network - Pruning.1}{Creating a Summary Network - Pruning}{}
\BOOKMARK [1][-]{Section.6.Creating a Summary Network - Parametric Bootstrapping.1}{Creating a Summary Network - Parametric Bootstrapping}{}
\BOOKMARK [2][-]{Subsection.7.0.Steps Necessary to Perform Parametric Bootstrapping.2}{Steps Necessary to Perform Parametric Bootstrapping}{Section.6.Creating a Summary Network - Parametric Bootstrapping.1}
\BOOKMARK [3][-]{Subsubsection.7.1.0.Estimating Posterior Densities.3}{Estimating Posterior Densities}{Subsection.7.0.Steps Necessary to Perform Parametric Bootstrapping.2}
\BOOKMARK [1][-]{Section.7.Order Based Searches.1}{Order Based Searches}{}
\BOOKMARK [2][-]{Subsection.8.0.Exact Posterior Probabilities of Structural Features.2}{Exact Posterior Probabilities of Structural Features}{Section.7.Order Based Searches.1}
\BOOKMARK [2][-]{Subsection.8.1.Most Probable Structure.2}{Most Probable Structure}{Section.7.Order Based Searches.1}
\BOOKMARK [1][-]{Section.8.Summary.1}{Summary}{}
